Command line invocation:
    /Applications/Xcode.app/Contents/Developer/usr/bin/xcodebuild -workspace /Users/bache/Desktop/ListByBache/ListeByBache.xcworkspace -scheme ListeByBache -configuration Debug -sdk iphonesimulator -destination "generic/platform=iOS Simulator" build

Build settings from command line:
    SDKROOT = iphonesimulator26.1

2025-12-16 22:24:11.525 xcodebuild[17261:405633] [MT] IDERunDestination: Supported platforms for the buildables in the current scheme is empty.
ComputePackagePrebuildTargetDependencyGraph

Prepare packages

CreateBuildRequest

SendProjectDescription

CreateBuildOperation

ComputeTargetDependencyGraph
note: Building targets in dependency order
note: Target dependency graph (1 target)
    Target 'ListeByBache' in project 'ListeByBache' (no dependencies)

GatherProvisioningInputs

CreateBuildDescription

ClangStatCache /Applications/Xcode.app/Contents/Developer/Toolchains/XcodeDefault.xctoolchain/usr/bin/clang-stat-cache /Applications/Xcode.app/Contents/Developer/Platforms/iPhoneSimulator.platform/Developer/SDKs/iPhoneSimulator26.1.sdk /Users/bache/Library/Developer/Xcode/DerivedData/SDKStatCaches.noindex/iphonesimulator26.1-23B77-90cf18a4295e390e64c810bc6bd7acbc.sdkstatcache
    cd /Users/bache/Desktop/ListByBache
    /Applications/Xcode.app/Contents/Developer/Toolchains/XcodeDefault.xctoolchain/usr/bin/clang-stat-cache /Applications/Xcode.app/Contents/Developer/Platforms/iPhoneSimulator.platform/Developer/SDKs/iPhoneSimulator26.1.sdk -o /Users/bache/Library/Developer/Xcode/DerivedData/SDKStatCaches.noindex/iphonesimulator26.1-23B77-90cf18a4295e390e64c810bc6bd7acbc.sdkstatcache

ProcessProductPackaging /Users/bache/Desktop/ListByBache/ListeByBache.entitlements /Users/bache/Library/Developer/Xcode/DerivedData/ListeByBache-bwjjzyqjcuwymlhktoongflffdlo/Build/Intermediates.noindex/ListeByBache.build/Debug-iphonesimulator/ListeByBache.build/ListeByBache.app-Simulated.xcent (in target 'ListeByBache' from project 'ListeByBache')
    cd /Users/bache/Desktop/ListByBache
    
    Entitlements:
    
    {
    "application-identifier" = "L3VFWJCM95.com.bache.listebybache";
    "com.apple.developer.icloud-container-identifiers" =     (
        "iCloud.com.bache.listebybache"
    );
    "com.apple.developer.icloud-services" =     (
        CloudKit
    );
}
    
    builtin-productPackagingUtility /Users/bache/Desktop/ListByBache/ListeByBache.entitlements -entitlements -format xml -o /Users/bache/Library/Developer/Xcode/DerivedData/ListeByBache-bwjjzyqjcuwymlhktoongflffdlo/Build/Intermediates.noindex/ListeByBache.build/Debug-iphonesimulator/ListeByBache.build/ListeByBache.app-Simulated.xcent
error: Entitlements file "ListeByBache.entitlements" was modified during the build, which is not supported. You can disable this error by setting 'CODE_SIGN_ALLOW_ENTITLEMENTS_MODIFICATION' to 'YES', however this may cause the built product's code signature or provisioning profile to contain incorrect entitlements. (in target 'ListeByBache' from project 'ListeByBache')

** BUILD FAILED **


The following build commands failed:
	ProcessProductPackaging /Users/bache/Desktop/ListByBache/ListeByBache.entitlements /Users/bache/Library/Developer/Xcode/DerivedData/ListeByBache-bwjjzyqjcuwymlhktoongflffdlo/Build/Intermediates.noindex/ListeByBache.build/Debug-iphonesimulator/ListeByBache.build/ListeByBache.app-Simulated.xcent (in target 'ListeByBache' from project 'ListeByBache')
	Building workspace ListeByBache with scheme ListeByBache and configuration Debug
(2 failures)
